QA Task

Completed
================== 
longrealty_2023_09_05.json
realliving_realestate_2023_09_05.json
DataHut_DE_Penny_FlyerExtractions_20230904.CSV
DataHut_DE_Netto_FlyerExtractions_20230904.CSV
DataHut_DE_Norma_FlyerExtractions_20230904.CSV
DataHut_DE_Rewe_FlyerExtractions_20230904.CSV
DataHut_DE_Kaufland_FlyerExtractions_20230904.CSV
DataHut_DE_Lidl_FlyerExtractions_20230904.CSV
DataHut_DE_Edeka_FlyerExtractions_20230904.CSV
DataHut_AT_Mueller_PriceExtractions_20230904.CSV
DataHut_AT_Interspar_PriceExtractions_20230904.CSV
DataHut_AT_Dm_PriceExtractions_20230904.CSV
DataHut_AT_Mpreis_PriceExtractions_20230904.CSV
DataHut_HU_Auchan_FullDump_20230904.CSV
DataHut_CH_Spar_FullDump_20230904.CSV
DataHut_HU_Auchan_FullDump_20230904(1).CSV

Doing
=============
DataHut_AT_Bipa_PriceExtractions_20230904.CSV