QA-TASK 

completed
================== 
berkshirehathaways_2023_10_05.json
century21global_2023_10_05.json
century21_us_2023_10_05.json
compass_2023_10_05.json
intero_realestate_2023_10_05.json
coldwellbankerinternational_2023_10_05.json
reecenichols_2023_10_05.json
royallepage_2023_10_05.json
sutton_2023_10_05.json
bhgre_2023_10_05.json
DataHut_DE_Edeka_FlyerExtractions_20231002.CSV
DataHut_DE_Lidl_FlyerExtractions_20231002.CSV
DataHut_DE_Kaufland_FlyerExtractions_20231002.CSV
DataHut_DE_Norma_FlyerExtractions_20231002.CSV
DataHut_DE_Penny_FlyerExtractions_20231002.CSV
DataHut_DE_Rewe_FlyerExtractions_20231002.CSV
DataHut_DE_Netto_FlyerExtractions_20231002.CSV
