QA-TASK 

completed
================== 
DataHut_AT_Fressnapf_PriceExtractions_20230911.CSV
DataHut_AT_Mueller_PriceExtractions_20230911.CSV
DataHut_AT_Bipa_PriceExtractions_20230911.CSV
DataHut_AT_Dm_PriceExtractions_20230911.CSV
DataHut_AT_Interspar_PriceExtractions_20230911.CSV
DataHut_AT_Mpreis_PriceExtractions_20230911.CSV
DataHut_AT_Billa_PriceExtractions_20230911.CSV
fishersci_2023_09_11.csv
DataHut_DE_Penny_FlyerExtractions_20230911.CSV
DataHut_DE_Rewe_FlyerExtractions_20230911.CSV
DataHut_DE_Lidl_FlyerExtractions_20230911.CSV
DataHut_DE_Edeka_FlyerExtractions_20230911.CSV
DataHut_DE_Netto_FlyerExtractions_20230911.CSV
DataHut_DE_Kaufland_FlyerExtractions_20230911.CSV
DataHut_DE_Norma_FlyerExtractions_20230911.CSV
fishersci_2023_09_11_1.csv
fishersci_2023_09_11_11.csv
fishersci_2023_09_26.csv
thermofisher_2023_09_11.csv
